[INFO] Scanning for projects...
[INFO] 
[INFO] -------------------------< org.example:SbT-2 >--------------------------
[INFO] Building SbT-2 1.0-SNAPSHOT
[INFO] --------------------------------[ jar ]---------------------------------
[INFO] 
[INFO] --- maven-resources-plugin:2.6:resources (default-resources) @ SbT-2 ---
[INFO] Using 'UTF-8' encoding to copy filtered resources.
[INFO] Copying 0 resource
[INFO] 
[INFO] --- maven-compiler-plugin:3.1:compile (default-compile) @ SbT-2 ---
[INFO] Nothing to compile - all classes are up to date
[INFO] 
[INFO] --- maven-resources-plugin:2.6:testResources (default-testResources) @ SbT-2 ---
[INFO] Using 'UTF-8' encoding to copy filtered resources.
[INFO] skip non existing resourceDirectory D:\12\SbT-2\SbT-2\src\test\resources
[INFO] 
[INFO] --- maven-compiler-plugin:3.1:testCompile (default-testCompile) @ SbT-2 ---
[INFO] Nothing to compile - all classes are up to date
[INFO] 
[INFO] --- maven-surefire-plugin:2.12.4:test (default-test) @ SbT-2 ---
[INFO] Surefire report directory: D:\12\SbT-2\SbT-2\target\surefire-reports

-------------------------------------------------------
 T E S T S
-------------------------------------------------------
Running ru.myself.SortTest
Tests run: 2, Failures: 0, Errors: 0, Skipped: 0, Time elapsed: 0.035 sec

Results :

Tests run: 2, Failures: 0, Errors: 0, Skipped: 0

[INFO] 
[INFO] --- maven-jar-plugin:2.4:jar (default-jar) @ SbT-2 ---
[INFO] Building jar: D:\12\SbT-2\SbT-2\target\SbT-2-1.0-SNAPSHOT.jar
[INFO] ------------------------------------------------------------------------
[INFO] BUILD SUCCESS
[INFO] ------------------------------------------------------------------------
[INFO] Total time:  1.665 s
[INFO] Finished at: 2023-02-20T16:07:30+03:00
[INFO] ------------------------------------------------------------------------
